  0.1Tester.cpp
D:\GitHub\Cpp_Progs\0.1Tester\0.1Tester\0.1Tester.cpp(4,38): error C2653: 'sорлtd': is not a class or namespace name
D:\GitHub\Cpp_Progs\0.1Tester\0.1Tester\0.1Tester.cpp(4,49): error C2065: 'cout': undeclared identifier
